<?xml version="1.0" encoding="UTF-8"?>
<!-- Generated by org.testng.reporters.JUnitXMLReporter -->
<testsuite hostname="JAGA" ignored="0" name="GetStates" tests="6" failures="0" timestamp="06 Jun 2018 03:35:38 GMT" time="5.202" errors="0">
  <testcase name="getStates" time="4.742" classname="com.jaga.restapi.test.ReadStates"/>
  <testcase name="getState" time="0.136" classname="com.jaga.restapi.test.ReadState"/>
  <testcase name="getState" time="0.031" classname="com.jaga.restapi.test.ReadState"/>
  <testcase name="getState" time="0.047" classname="com.jaga.restapi.test.ReadState"/>
  <testcase name="getState" time="0.042" classname="com.jaga.restapi.test.ReadState"/>
  <testcase name="getStates" time="0.024" classname="com.jaga.restapi.test.ReadStates"/>
</testsuite> <!-- GetStates -->
