<?xml version="1.0" encoding="UTF-8"?>
<!-- Generated by org.testng.reporters.JUnitXMLReporter -->
<testsuite hostname="JAGA" ignored="0" name="GetStates" tests="7" failures="0" timestamp="07 Jun 2018 03:56:07 GMT" time="2.515" errors="0">
  <testcase name="getStates" time="2.235" classname="com.jaga.restapi.test.ReadStates"/>
  <testcase name="getState" time="0.031" classname="com.jaga.restapi.test.ReadState"/>
  <testcase name="getState" time="0.031" classname="com.jaga.restapi.test.ReadState"/>
  <testcase name="getState" time="0.032" classname="com.jaga.restapi.test.ReadState"/>
  <testcase name="getState" time="0.046" classname="com.jaga.restapi.test.ReadState"/>
  <testcase name="getState" time="0.032" classname="com.jaga.restapi.test.ReadState"/>
  <testcase name="getStates" time="0.031" classname="com.jaga.restapi.test.ReadStates"/>
</testsuite> <!-- GetStates -->
