<?xml version="1.0" encoding="UTF-8"?>
<testng-results skipped="0" failed="0" ignored="0" total="6" passed="6">
  <reporter-output>
  </reporter-output>
  <suite name="Regression Suite" duration-ms="2325" started-at="2018-05-30T14:16:20Z" finished-at="2018-05-30T14:16:22Z">
    <groups>
    </groups>
    <test name="GetStates" duration-ms="2325" started-at="2018-05-30T14:16:20Z" finished-at="2018-05-30T14:16:22Z">
      <class name="com.jaga.restapi.test.ReadState">
        <test-method status="PASS" signature="DataSetup()[pri:0, instance:com.jaga.restapi.test.ReadState@1efef64]" name="DataSetup" is-config="true" duration-ms="0" started-at="2018-05-30T19:46:22Z" finished-at="2018-05-30T19:46:22Z">
          <reporter-output>
          </reporter-output>
        </test-method> <!-- DataSetup -->
        <test-method status="PASS" signature="getState(java.lang.Integer, java.lang.String, java.lang.Integer)[pri:0, instance:com.jaga.restapi.test.ReadState@1efef64]" name="getState" duration-ms="33" started-at="2018-05-30T19:46:22Z" data-provider="GetStateById" finished-at="2018-05-30T19:46:22Z">
          <params>
            <param index="0">
              <value>
                <![CDATA[1]]>
              </value>
            </param>
            <param index="1">
              <value>
                <![CDATA[TamilNadu]]>
              </value>
            </param>
            <param index="2">
              <value>
                <![CDATA[10000]]>
              </value>
            </param>
          </params>
          <reporter-output>
          </reporter-output>
        </test-method> <!-- getState -->
        <test-method status="PASS" signature="getState(java.lang.Integer, java.lang.String, java.lang.Integer)[pri:0, instance:com.jaga.restapi.test.ReadState@1efef64]" name="getState" duration-ms="32" started-at="2018-05-30T19:46:22Z" data-provider="GetStateById" finished-at="2018-05-30T19:46:22Z">
          <params>
            <param index="0">
              <value>
                <![CDATA[2]]>
              </value>
            </param>
            <param index="1">
              <value>
                <![CDATA[AndraPradesh]]>
              </value>
            </param>
            <param index="2">
              <value>
                <![CDATA[7000]]>
              </value>
            </param>
          </params>
          <reporter-output>
          </reporter-output>
        </test-method> <!-- getState -->
        <test-method status="PASS" signature="getState(java.lang.Integer, java.lang.String, java.lang.Integer)[pri:0, instance:com.jaga.restapi.test.ReadState@1efef64]" name="getState" duration-ms="35" started-at="2018-05-30T19:46:22Z" data-provider="GetStateById" finished-at="2018-05-30T19:46:22Z">
          <params>
            <param index="0">
              <value>
                <![CDATA[3]]>
              </value>
            </param>
            <param index="1">
              <value>
                <![CDATA[Kerala]]>
              </value>
            </param>
            <param index="2">
              <value>
                <![CDATA[8000]]>
              </value>
            </param>
          </params>
          <reporter-output>
          </reporter-output>
        </test-method> <!-- getState -->
        <test-method status="PASS" signature="getState(java.lang.Integer, java.lang.String, java.lang.Integer)[pri:0, instance:com.jaga.restapi.test.ReadState@1efef64]" name="getState" duration-ms="32" started-at="2018-05-30T19:46:22Z" data-provider="GetStateById" finished-at="2018-05-30T19:46:22Z">
          <params>
            <param index="0">
              <value>
                <![CDATA[4]]>
              </value>
            </param>
            <param index="1">
              <value>
                <![CDATA[Karnataka]]>
              </value>
            </param>
            <param index="2">
              <value>
                <![CDATA[20000]]>
              </value>
            </param>
          </params>
          <reporter-output>
          </reporter-output>
        </test-method> <!-- getState -->
        <test-method status="PASS" signature="getStates()[pri:0, instance:com.jaga.restapi.test.ReadState@1efef64]" name="getStates" duration-ms="27" started-at="2018-05-30T19:46:22Z" finished-at="2018-05-30T19:46:22Z">
          <reporter-output>
          </reporter-output>
        </test-method> <!-- getStates -->
      </class> <!-- com.jaga.restapi.test.ReadState -->
      <class name="com.jaga.restapi.test.ReadStates">
        <test-method status="PASS" signature="DataSetup()[pri:0, instance:com.jaga.restapi.test.ReadStates@19f99ea]" name="DataSetup" is-config="true" duration-ms="18" started-at="2018-05-30T19:46:20Z" finished-at="2018-05-30T19:46:20Z">
          <reporter-output>
          </reporter-output>
        </test-method> <!-- DataSetup -->
        <test-method status="PASS" signature="getStates()[pri:0, instance:com.jaga.restapi.test.ReadStates@19f99ea]" name="getStates" duration-ms="2066" started-at="2018-05-30T19:46:20Z" finished-at="2018-05-30T19:46:22Z">
          <reporter-output>
          </reporter-output>
        </test-method> <!-- getStates -->
      </class> <!-- com.jaga.restapi.test.ReadStates -->
    </test> <!-- GetStates -->
  </suite> <!-- Regression Suite -->
</testng-results>
